2025-07-26 21:44:10.502 [main] INFO  c.m.BatchFury.BatchFuryApplication - Starting BatchFuryApplication using Java 17.0.14 with PID 1832 (D:\Project\BatchFury\target\classes started by mfauz in D:\Project\BatchFury)
2025-07-26 21:44:10.505 [main] INFO  c.m.BatchFury.BatchFuryApplication - No active profile set, falling back to 1 default profile: "default"
2025-07-26 21:44:11.041 [main] WARN  o.s.c.a.AnnotationConfigApplicationContext - Exception encountered during context initialization - cancelling refresh attempt: org.springframework.beans.factory.support.BeanDefinitionOverrideException: Invalid bean definition with name 'remoteTransactionManager' defined in class path resource [com/mdro/BatchFury/config/RemoteBatchConfig.class]: Cannot register bean definition [Root bean: class=null; scope=; abstract=false; lazyInit=null; autowireMode=3; dependencyCheck=0; autowireCandidate=true; primary=false; fallback=false; factoryBeanName=remoteBatchConfig; factoryMethodName=remoteTransactionManager; initMethodNames=null; destroyMethodNames=[(inferred)]; defined in class path resource [com/mdro/BatchFury/config/RemoteBatchConfig.class]] for bean 'remoteTransactionManager' since there is already [Root bean: class=null; scope=; abstract=false; lazyInit=null; autowireMode=3; dependencyCheck=0; autowireCandidate=true; primary=false; fallback=false; factoryBeanName=datasourceConfig; factoryMethodName=remoteTransactionManager; initMethodNames=null; destroyMethodNames=[(inferred)]; defined in class path resource [com/mdro/BatchFury/config/DatasourceConfig.class]] bound.
2025-07-26 21:44:11.066 [main] INFO  o.s.b.a.l.ConditionEvaluationReportLogger - 

Error starting ApplicationContext. To display the condition evaluation report re-run your application with 'debug' enabled.
2025-07-26 21:44:11.096 [main] ERROR o.s.b.d.LoggingFailureAnalysisReporter - 

***************************
APPLICATION FAILED TO START
***************************

Description:

The bean 'remoteTransactionManager', defined in class path resource [com/mdro/BatchFury/config/RemoteBatchConfig.class], could not be registered. A bean with that name has already been defined in class path resource [com/mdro/BatchFury/config/DatasourceConfig.class] and overriding is disabled.

Action:

Consider renaming one of the beans or enabling overriding by setting spring.main.allow-bean-definition-overriding=true

2025-07-26 21:59:27.912 [main] INFO  c.m.BatchFury.BatchFuryApplication - Starting BatchFuryApplication using Java 17.0.14 with PID 4084 (D:\Project\BatchFury\target\classes started by mfauz in D:\Project\BatchFury)
2025-07-26 21:59:27.916 [main] INFO  c.m.BatchFury.BatchFuryApplication - No active profile set, falling back to 1 default profile: "default"
2025-07-26 21:59:28.444 [main] INFO  o.s.b.c.c.annotation.BatchRegistrar - Finished Spring Batch infrastructure beans configuration in 8 ms.
2025-07-26 21:59:28.750 [main] WARN  o.s.c.s.PostProcessorRegistrationDelegate$BeanPostProcessorChecker - Bean 'jobRegistry' of type [org.springframework.batch.core.configuration.support.MapJobRegistry] is not eligible for getting processed by all BeanPostProcessors (for example: not eligible for auto-proxying). Is this bean getting eagerly injected/applied to a currently created BeanPostProcessor [jobRegistryBeanPostProcessor]? Check the corresponding BeanPostProcessor declaration and its dependencies/advisors. If this bean does not have to be post-processed, declare it with ROLE_INFRASTRUCTURE.
2025-07-26 21:59:28.856 [main] WARN  o.s.c.a.AnnotationConfigApplicationContext - Exception encountered during context initialization - cancelling refresh attempt: org.springframework.beans.factory.UnsatisfiedDependencyException: Error creating bean with name 'batchFuryApplication': Unsatisfied dependency expressed through field 'jobLauncher': Error creating bean with name 'jobLauncher': Cannot resolve reference to bean 'jobRepository' while setting bean property 'jobRepository'
2025-07-26 21:59:28.864 [main] INFO  o.s.b.a.l.ConditionEvaluationReportLogger - 

Error starting ApplicationContext. To display the condition evaluation report re-run your application with 'debug' enabled.
2025-07-26 21:59:28.899 [main] ERROR o.s.b.d.LoggingFailureAnalysisReporter - 

***************************
APPLICATION FAILED TO START
***************************

Description:

Field jobLauncher in com.mdro.BatchFury.BatchFuryApplication required a bean named 'dataSource' that could not be found.

The injection point has the following annotations:
	- @org.springframework.beans.factory.annotation.Autowired(required=true)


Action:

Consider defining a bean named 'dataSource' in your configuration.

2025-07-26 22:12:52.043 [main] INFO  c.m.BatchFury.BatchFuryApplication - Starting BatchFuryApplication using Java 17.0.14 with PID 15512 (D:\Project\BatchFury\target\classes started by mfauz in D:\Project\BatchFury)
2025-07-26 22:12:52.048 [main] INFO  c.m.BatchFury.BatchFuryApplication - No active profile set, falling back to 1 default profile: "default"
2025-07-26 22:12:53.121 [main] WARN  o.s.c.a.AnnotationConfigApplicationContext - Exception encountered during context initialization - cancelling refresh attempt: org.springframework.beans.factory.support.BeanDefinitionOverrideException: Invalid bean definition with name 'remoteTransactionManager' defined in class path resource [com/mdro/BatchFury/config/DatasourceConfig.class]: Cannot register bean definition [Root bean: class=null; scope=; abstract=false; lazyInit=null; autowireMode=3; dependencyCheck=0; autowireCandidate=true; primary=false; fallback=false; factoryBeanName=datasourceConfig; factoryMethodName=remoteTransactionManager; initMethodNames=null; destroyMethodNames=[(inferred)]; defined in class path resource [com/mdro/BatchFury/config/DatasourceConfig.class]] for bean 'remoteTransactionManager' since there is already [Root bean: class=null; scope=; abstract=false; lazyInit=null; autowireMode=3; dependencyCheck=0; autowireCandidate=true; primary=false; fallback=false; factoryBeanName=exportTransactionJobConfig; factoryMethodName=remoteTransactionManager; initMethodNames=null; destroyMethodNames=[(inferred)]; defined in class path resource [com/mdro/BatchFury/config/active/ExportTransactionJobConfig.class]] bound.
2025-07-26 22:12:53.142 [main] INFO  o.s.b.a.l.ConditionEvaluationReportLogger - 

Error starting ApplicationContext. To display the condition evaluation report re-run your application with 'debug' enabled.
2025-07-26 22:12:53.170 [main] ERROR o.s.b.d.LoggingFailureAnalysisReporter - 

***************************
APPLICATION FAILED TO START
***************************

Description:

The bean 'remoteTransactionManager', defined in class path resource [com/mdro/BatchFury/config/DatasourceConfig.class], could not be registered. A bean with that name has already been defined in class path resource [com/mdro/BatchFury/config/active/ExportTransactionJobConfig.class] and overriding is disabled.

Action:

Consider renaming one of the beans or enabling overriding by setting spring.main.allow-bean-definition-overriding=true

2025-07-26 22:14:01.886 [main] INFO  c.m.BatchFury.BatchFuryApplication - Starting BatchFuryApplication using Java 17.0.14 with PID 17024 (D:\Project\BatchFury\target\classes started by mfauz in D:\Project\BatchFury)
2025-07-26 22:14:01.890 [main] INFO  c.m.BatchFury.BatchFuryApplication - No active profile set, falling back to 1 default profile: "default"
2025-07-26 22:14:02.401 [main] INFO  o.s.b.c.c.annotation.BatchRegistrar - Finished Spring Batch infrastructure beans configuration in 15 ms.
2025-07-26 22:14:02.763 [main] WARN  o.s.c.s.PostProcessorRegistrationDelegate$BeanPostProcessorChecker - Bean 'jobRegistry' of type [org.springframework.batch.core.configuration.support.MapJobRegistry] is not eligible for getting processed by all BeanPostProcessors (for example: not eligible for auto-proxying). Is this bean getting eagerly injected/applied to a currently created BeanPostProcessor [jobRegistryBeanPostProcessor]? Check the corresponding BeanPostProcessor declaration and its dependencies/advisors. If this bean does not have to be post-processed, declare it with ROLE_INFRASTRUCTURE.
2025-07-26 22:14:02.924 [main] INFO  com.zaxxer.hikari.HikariDataSource - HikariPool-1 - Starting...
2025-07-26 22:14:03.342 [main] INFO  com.zaxxer.hikari.pool.HikariPool - HikariPool-1 - Added connection org.postgresql.jdbc.PgConnection@5a2fa51f
2025-07-26 22:14:03.344 [main] INFO  com.zaxxer.hikari.HikariDataSource - HikariPool-1 - Start completed.
2025-07-26 22:14:03.356 [main] INFO  o.s.b.c.r.s.JobRepositoryFactoryBean - No database type set, using meta data indicating: POSTGRES
2025-07-26 22:14:03.396 [main] INFO  o.s.b.c.l.support.SimpleJobLauncher - No TaskExecutor has been set, defaulting to synchronous executor.
2025-07-26 22:14:03.506 [main] INFO  o.s.b.c.c.a.BatchObservabilityBeanPostProcessor - No Micrometer observation registry found, defaulting to ObservationRegistry.NOOP
2025-07-26 22:14:03.515 [main] INFO  o.s.b.c.c.a.BatchObservabilityBeanPostProcessor - No Micrometer observation registry found, defaulting to ObservationRegistry.NOOP
2025-07-26 22:14:03.544 [main] WARN  o.s.c.a.AnnotationConfigApplicationContext - Exception encountered during context initialization - cancelling refresh attempt: org.springframework.beans.factory.BeanCreationException: Error creating bean with name 'batchJobExplorer' defined in class path resource [com/mdro/BatchFury/config/MetadataJobConfig.class]: Failed to instantiate [org.springframework.batch.core.explore.JobExplorer]: Factory method 'jobExplorer' threw exception with message: TransactionManager must not be null.
2025-07-26 22:14:03.545 [main] INFO  com.zaxxer.hikari.HikariDataSource - HikariPool-1 - Shutdown initiated...
2025-07-26 22:14:03.745 [main] INFO  com.zaxxer.hikari.HikariDataSource - HikariPool-1 - Shutdown completed.
2025-07-26 22:14:03.760 [main] INFO  o.s.b.a.l.ConditionEvaluationReportLogger - 

Error starting ApplicationContext. To display the condition evaluation report re-run your application with 'debug' enabled.
2025-07-26 22:14:03.794 [main] ERROR o.s.boot.SpringApplication - Application run failed
org.springframework.beans.factory.BeanCreationException: Error creating bean with name 'batchJobExplorer' defined in class path resource [com/mdro/BatchFury/config/MetadataJobConfig.class]: Failed to instantiate [org.springframework.batch.core.explore.JobExplorer]: Factory method 'jobExplorer' threw exception with message: TransactionManager must not be null.
	at org.springframework.beans.factory.support.ConstructorResolver.instantiate(ConstructorResolver.java:657)
	at org.springframework.beans.factory.support.ConstructorResolver.instantiateUsingFactoryMethod(ConstructorResolver.java:489)
	at org.springframework.beans.factory.support.AbstractAutowireCapableBeanFactory.instantiateUsingFactoryMethod(AbstractAutowireCapableBeanFactory.java:1375)
	at org.springframework.beans.factory.support.AbstractAutowireCapableBeanFactory.createBeanInstance(AbstractAutowireCapableBeanFactory.java:1205)
	at org.springframework.beans.factory.support.AbstractAutowireCapableBeanFactory.doCreateBean(AbstractAutowireCapableBeanFactory.java:569)
	at org.springframework.beans.factory.support.AbstractAutowireCapableBeanFactory.createBean(AbstractAutowireCapableBeanFactory.java:529)
	at org.springframework.beans.factory.support.AbstractBeanFactory.lambda$doGetBean$0(AbstractBeanFactory.java:339)
	at org.springframework.beans.factory.support.DefaultSingletonBeanRegistry.getSingleton(DefaultSingletonBeanRegistry.java:373)
	at org.springframework.beans.factory.support.AbstractBeanFactory.doGetBean(AbstractBeanFactory.java:337)
	at org.springframework.beans.factory.support.AbstractBeanFactory.getBean(AbstractBeanFactory.java:202)
	at org.springframework.beans.factory.support.DefaultListableBeanFactory.instantiateSingleton(DefaultListableBeanFactory.java:1222)
	at org.springframework.beans.factory.support.DefaultListableBeanFactory.preInstantiateSingleton(DefaultListableBeanFactory.java:1188)
	at org.springframework.beans.factory.support.DefaultListableBeanFactory.preInstantiateSingletons(DefaultListableBeanFactory.java:1123)
	at org.springframework.context.support.AbstractApplicationContext.finishBeanFactoryInitialization(AbstractApplicationContext.java:987)
	at org.springframework.context.support.AbstractApplicationContext.refresh(AbstractApplicationContext.java:627)
	at org.springframework.boot.SpringApplication.refresh(SpringApplication.java:752)
	at org.springframework.boot.SpringApplication.refreshContext(SpringApplication.java:439)
	at org.springframework.boot.SpringApplication.run(SpringApplication.java:318)
	at org.springframework.boot.SpringApplication.run(SpringApplication.java:1361)
	at org.springframework.boot.SpringApplication.run(SpringApplication.java:1350)
	at com.mdro.BatchFury.BatchFuryApplication.main(BatchFuryApplication.java:32)
Caused by: org.springframework.beans.BeanInstantiationException: Failed to instantiate [org.springframework.batch.core.explore.JobExplorer]: Factory method 'jobExplorer' threw exception with message: TransactionManager must not be null.
	at org.springframework.beans.factory.support.SimpleInstantiationStrategy.lambda$instantiate$0(SimpleInstantiationStrategy.java:200)
	at org.springframework.beans.factory.support.SimpleInstantiationStrategy.instantiateWithFactoryMethod(SimpleInstantiationStrategy.java:89)
	at org.springframework.beans.factory.support.SimpleInstantiationStrategy.instantiate(SimpleInstantiationStrategy.java:169)
	at org.springframework.beans.factory.support.ConstructorResolver.instantiate(ConstructorResolver.java:653)
	... 20 common frames omitted
Caused by: java.lang.IllegalArgumentException: TransactionManager must not be null.
	at org.springframework.util.Assert.notNull(Assert.java:181)
	at org.springframework.batch.core.explore.support.AbstractJobExplorerFactoryBean.afterPropertiesSet(AbstractJobExplorerFactoryBean.java:119)
	at org.springframework.batch.core.explore.support.JobExplorerFactoryBean.afterPropertiesSet(JobExplorerFactoryBean.java:204)
	at com.mdro.BatchFury.config.MetadataJobConfig.jobExplorer(MetadataJobConfig.java:59)
	at com.mdro.BatchFury.config.MetadataJobConfig$$SpringCGLIB$$0.CGLIB$jobExplorer$2(<generated>)
	at com.mdro.BatchFury.config.MetadataJobConfig$$SpringCGLIB$$FastClass$$1.invoke(<generated>)
	at org.springframework.cglib.proxy.MethodProxy.invokeSuper(MethodProxy.java:258)
	at org.springframework.context.annotation.ConfigurationClassEnhancer$BeanMethodInterceptor.intercept(ConfigurationClassEnhancer.java:400)
	at com.mdro.BatchFury.config.MetadataJobConfig$$SpringCGLIB$$0.jobExplorer(<generated>)
	at java.base/jdk.internal.reflect.NativeMethodAccessorImpl.invoke0(Native Method)
	at java.base/jdk.internal.reflect.NativeMethodAccessorImpl.invoke(NativeMethodAccessorImpl.java:77)
	at java.base/jdk.internal.reflect.DelegatingMethodAccessorImpl.invoke(DelegatingMethodAccessorImpl.java:43)
	at java.base/java.lang.reflect.Method.invoke(Method.java:569)
	at org.springframework.beans.factory.support.SimpleInstantiationStrategy.lambda$instantiate$0(SimpleInstantiationStrategy.java:172)
	... 23 common frames omitted
2025-07-26 22:16:58.358 [main] INFO  c.m.BatchFury.BatchFuryApplication - Starting BatchFuryApplication using Java 17.0.14 with PID 16084 (D:\Project\BatchFury\target\classes started by mfauz in D:\Project\BatchFury)
2025-07-26 22:16:58.360 [main] INFO  c.m.BatchFury.BatchFuryApplication - No active profile set, falling back to 1 default profile: "default"
2025-07-26 22:16:58.872 [main] INFO  o.s.b.c.c.annotation.BatchRegistrar - Finished Spring Batch infrastructure beans configuration in 10 ms.
2025-07-26 22:16:59.249 [main] WARN  o.s.c.s.PostProcessorRegistrationDelegate$BeanPostProcessorChecker - Bean 'jobRegistry' of type [org.springframework.batch.core.configuration.support.MapJobRegistry] is not eligible for getting processed by all BeanPostProcessors (for example: not eligible for auto-proxying). Is this bean getting eagerly injected/applied to a currently created BeanPostProcessor [jobRegistryBeanPostProcessor]? Check the corresponding BeanPostProcessor declaration and its dependencies/advisors. If this bean does not have to be post-processed, declare it with ROLE_INFRASTRUCTURE.
2025-07-26 22:16:59.404 [main] INFO  com.zaxxer.hikari.HikariDataSource - HikariPool-1 - Starting...
2025-07-26 22:16:59.687 [main] INFO  com.zaxxer.hikari.pool.HikariPool - HikariPool-1 - Added connection org.postgresql.jdbc.PgConnection@45404d5
2025-07-26 22:16:59.689 [main] INFO  com.zaxxer.hikari.HikariDataSource - HikariPool-1 - Start completed.
2025-07-26 22:16:59.701 [main] INFO  o.s.b.c.r.s.JobRepositoryFactoryBean - No database type set, using meta data indicating: POSTGRES
2025-07-26 22:16:59.733 [main] INFO  o.s.b.c.l.support.SimpleJobLauncher - No TaskExecutor has been set, defaulting to synchronous executor.
2025-07-26 22:16:59.838 [main] INFO  o.s.b.c.c.a.BatchObservabilityBeanPostProcessor - No Micrometer observation registry found, defaulting to ObservationRegistry.NOOP
2025-07-26 22:16:59.848 [main] INFO  o.s.b.c.c.a.BatchObservabilityBeanPostProcessor - No Micrometer observation registry found, defaulting to ObservationRegistry.NOOP
2025-07-26 22:16:59.884 [main] WARN  o.s.c.a.AnnotationConfigApplicationContext - Exception encountered during context initialization - cancelling refresh attempt: org.springframework.beans.factory.BeanCreationException: Error creating bean with name 'jobRepository': Cannot resolve reference to bean 'dataSource' while setting bean property 'dataSource'
2025-07-26 22:16:59.885 [main] INFO  com.zaxxer.hikari.HikariDataSource - HikariPool-1 - Shutdown initiated...
2025-07-26 22:16:59.896 [main] INFO  com.zaxxer.hikari.HikariDataSource - HikariPool-1 - Shutdown completed.
2025-07-26 22:16:59.912 [main] INFO  o.s.b.a.l.ConditionEvaluationReportLogger - 

Error starting ApplicationContext. To display the condition evaluation report re-run your application with 'debug' enabled.
2025-07-26 22:16:59.948 [main] ERROR o.s.b.d.LoggingFailureAnalysisReporter - 

***************************
APPLICATION FAILED TO START
***************************

Description:

A component required a bean named 'dataSource' that could not be found.


Action:

Consider defining a bean named 'dataSource' in your configuration.

2025-07-26 22:18:58.236 [main] INFO  c.m.BatchFury.BatchFuryApplication - Starting BatchFuryApplication using Java 17.0.14 with PID 17776 (D:\Project\BatchFury\target\classes started by mfauz in D:\Project\BatchFury)
2025-07-26 22:18:58.240 [main] INFO  c.m.BatchFury.BatchFuryApplication - No active profile set, falling back to 1 default profile: "default"
2025-07-26 22:18:58.736 [main] INFO  o.s.b.c.c.annotation.BatchRegistrar - Finished Spring Batch infrastructure beans configuration in 6 ms.
2025-07-26 22:18:59.051 [main] WARN  o.s.c.s.PostProcessorRegistrationDelegate$BeanPostProcessorChecker - Bean 'jobRegistry' of type [org.springframework.batch.core.configuration.support.MapJobRegistry] is not eligible for getting processed by all BeanPostProcessors (for example: not eligible for auto-proxying). Is this bean getting eagerly injected/applied to a currently created BeanPostProcessor [jobRegistryBeanPostProcessor]? Check the corresponding BeanPostProcessor declaration and its dependencies/advisors. If this bean does not have to be post-processed, declare it with ROLE_INFRASTRUCTURE.
2025-07-26 22:18:59.212 [main] INFO  com.zaxxer.hikari.HikariDataSource - HikariPool-1 - Starting...
2025-07-26 22:18:59.489 [main] INFO  com.zaxxer.hikari.pool.HikariPool - HikariPool-1 - Added connection org.postgresql.jdbc.PgConnection@a2ddf26
2025-07-26 22:18:59.490 [main] INFO  com.zaxxer.hikari.HikariDataSource - HikariPool-1 - Start completed.
2025-07-26 22:18:59.503 [main] INFO  o.s.b.c.r.s.JobRepositoryFactoryBean - No database type set, using meta data indicating: POSTGRES
2025-07-26 22:18:59.546 [main] INFO  o.s.b.c.l.support.SimpleJobLauncher - No TaskExecutor has been set, defaulting to synchronous executor.
2025-07-26 22:18:59.639 [main] INFO  o.s.b.c.c.a.BatchObservabilityBeanPostProcessor - No Micrometer observation registry found, defaulting to ObservationRegistry.NOOP
2025-07-26 22:18:59.648 [main] INFO  o.s.b.c.c.a.BatchObservabilityBeanPostProcessor - No Micrometer observation registry found, defaulting to ObservationRegistry.NOOP
2025-07-26 22:18:59.680 [main] WARN  o.s.c.a.AnnotationConfigApplicationContext - Exception encountered during context initialization - cancelling refresh attempt: org.springframework.beans.factory.BeanCreationException: Error creating bean with name 'jobRepository': Cannot resolve reference to bean 'dataSource' while setting bean property 'dataSource'
2025-07-26 22:18:59.681 [main] INFO  com.zaxxer.hikari.HikariDataSource - HikariPool-1 - Shutdown initiated...
2025-07-26 22:18:59.806 [main] INFO  com.zaxxer.hikari.HikariDataSource - HikariPool-1 - Shutdown completed.
2025-07-26 22:18:59.818 [main] INFO  o.s.b.a.l.ConditionEvaluationReportLogger - 

Error starting ApplicationContext. To display the condition evaluation report re-run your application with 'debug' enabled.
2025-07-26 22:18:59.845 [main] ERROR o.s.b.d.LoggingFailureAnalysisReporter - 

***************************
APPLICATION FAILED TO START
***************************

Description:

A component required a bean named 'dataSource' that could not be found.


Action:

Consider defining a bean named 'dataSource' in your configuration.

2025-07-26 22:19:17.061 [main] INFO  c.m.BatchFury.BatchFuryApplication - Starting BatchFuryApplication using Java 17.0.14 with PID 19132 (D:\Project\BatchFury\target\classes started by mfauz in D:\Project\BatchFury)
2025-07-26 22:19:17.066 [main] INFO  c.m.BatchFury.BatchFuryApplication - No active profile set, falling back to 1 default profile: "default"
2025-07-26 22:19:17.589 [main] INFO  o.s.b.c.c.annotation.BatchRegistrar - Finished Spring Batch infrastructure beans configuration in 7 ms.
2025-07-26 22:19:17.919 [main] WARN  o.s.c.s.PostProcessorRegistrationDelegate$BeanPostProcessorChecker - Bean 'jobRegistry' of type [org.springframework.batch.core.configuration.support.MapJobRegistry] is not eligible for getting processed by all BeanPostProcessors (for example: not eligible for auto-proxying). Is this bean getting eagerly injected/applied to a currently created BeanPostProcessor [jobRegistryBeanPostProcessor]? Check the corresponding BeanPostProcessor declaration and its dependencies/advisors. If this bean does not have to be post-processed, declare it with ROLE_INFRASTRUCTURE.
2025-07-26 22:19:18.071 [main] INFO  com.zaxxer.hikari.HikariDataSource - HikariPool-1 - Starting...
2025-07-26 22:19:18.366 [main] INFO  com.zaxxer.hikari.pool.HikariPool - HikariPool-1 - Added connection org.postgresql.jdbc.PgConnection@29138d3a
2025-07-26 22:19:18.368 [main] INFO  com.zaxxer.hikari.HikariDataSource - HikariPool-1 - Start completed.
2025-07-26 22:19:18.382 [main] INFO  o.s.b.c.r.s.JobRepositoryFactoryBean - No database type set, using meta data indicating: POSTGRES
2025-07-26 22:19:18.425 [main] INFO  o.s.b.c.l.support.SimpleJobLauncher - No TaskExecutor has been set, defaulting to synchronous executor.
2025-07-26 22:19:18.531 [main] INFO  o.s.b.c.c.a.BatchObservabilityBeanPostProcessor - No Micrometer observation registry found, defaulting to ObservationRegistry.NOOP
2025-07-26 22:19:18.540 [main] INFO  o.s.b.c.c.a.BatchObservabilityBeanPostProcessor - No Micrometer observation registry found, defaulting to ObservationRegistry.NOOP
2025-07-26 22:19:18.574 [main] WARN  o.s.c.a.AnnotationConfigApplicationContext - Exception encountered during context initialization - cancelling refresh attempt: org.springframework.beans.factory.BeanCreationException: Error creating bean with name 'jobRepository': Cannot resolve reference to bean 'transactionManager' while setting bean property 'transactionManager'
2025-07-26 22:19:18.576 [main] INFO  com.zaxxer.hikari.HikariDataSource - HikariPool-1 - Shutdown initiated...
2025-07-26 22:19:18.665 [main] INFO  com.zaxxer.hikari.HikariDataSource - HikariPool-1 - Shutdown completed.
2025-07-26 22:19:18.677 [main] INFO  o.s.b.a.l.ConditionEvaluationReportLogger - 

Error starting ApplicationContext. To display the condition evaluation report re-run your application with 'debug' enabled.
2025-07-26 22:19:18.702 [main] ERROR o.s.b.d.LoggingFailureAnalysisReporter - 

***************************
APPLICATION FAILED TO START
***************************

Description:

A component required a bean named 'transactionManager' that could not be found.


Action:

Consider defining a bean named 'transactionManager' in your configuration.

2025-07-26 22:19:54.255 [main] INFO  c.m.BatchFury.BatchFuryApplication - Starting BatchFuryApplication using Java 17.0.14 with PID 19120 (D:\Project\BatchFury\target\classes started by mfauz in D:\Project\BatchFury)
2025-07-26 22:19:54.259 [main] INFO  c.m.BatchFury.BatchFuryApplication - No active profile set, falling back to 1 default profile: "default"
2025-07-26 22:19:54.742 [main] INFO  o.s.b.c.c.annotation.BatchRegistrar - Finished Spring Batch infrastructure beans configuration in 9 ms.
2025-07-26 22:19:55.063 [main] WARN  o.s.c.s.PostProcessorRegistrationDelegate$BeanPostProcessorChecker - Bean 'jobRegistry' of type [org.springframework.batch.core.configuration.support.MapJobRegistry] is not eligible for getting processed by all BeanPostProcessors (for example: not eligible for auto-proxying). Is this bean getting eagerly injected/applied to a currently created BeanPostProcessor [jobRegistryBeanPostProcessor]? Check the corresponding BeanPostProcessor declaration and its dependencies/advisors. If this bean does not have to be post-processed, declare it with ROLE_INFRASTRUCTURE.
2025-07-26 22:19:55.225 [main] INFO  com.zaxxer.hikari.HikariDataSource - HikariPool-1 - Starting...
2025-07-26 22:19:55.511 [main] INFO  com.zaxxer.hikari.pool.HikariPool - HikariPool-1 - Added connection org.postgresql.jdbc.PgConnection@a2ddf26
2025-07-26 22:19:55.513 [main] INFO  com.zaxxer.hikari.HikariDataSource - HikariPool-1 - Start completed.
2025-07-26 22:19:55.525 [main] INFO  o.s.b.c.r.s.JobRepositoryFactoryBean - No database type set, using meta data indicating: POSTGRES
2025-07-26 22:19:55.560 [main] INFO  o.s.b.c.l.support.SimpleJobLauncher - No TaskExecutor has been set, defaulting to synchronous executor.
2025-07-26 22:19:55.651 [main] INFO  o.s.b.c.c.a.BatchObservabilityBeanPostProcessor - No Micrometer observation registry found, defaulting to ObservationRegistry.NOOP
2025-07-26 22:19:55.662 [main] INFO  o.s.b.c.c.a.BatchObservabilityBeanPostProcessor - No Micrometer observation registry found, defaulting to ObservationRegistry.NOOP
2025-07-26 22:19:55.696 [main] INFO  o.s.b.c.r.s.JobRepositoryFactoryBean - No database type set, using meta data indicating: POSTGRES
2025-07-26 22:19:55.702 [main] INFO  o.s.b.c.l.support.SimpleJobLauncher - No TaskExecutor has been set, defaulting to synchronous executor.
2025-07-26 22:19:55.895 [main] INFO  c.m.BatchFury.BatchFuryApplication - Started BatchFuryApplication in 2.484 seconds (process running for 2.91)
2025-07-26 22:19:56.001 [main] INFO  o.s.b.c.l.support.SimpleJobLauncher - Job: [SimpleJob: [name=processRemoteTransactionsJob]] launched with the following parameters: [{'timestamp':'{value=1753543195902, type=class java.lang.Long, identifying=true}'}]
2025-07-26 22:19:56.029 [main] INFO  c.m.B.l.JobCompletionNotificationListener - !!! JOB STARTED !!!
2025-07-26 22:19:56.029 [main] INFO  c.m.B.l.JobCompletionNotificationListener - Job Name: processRemoteTransactionsJob
2025-07-26 22:19:56.030 [main] INFO  c.m.B.l.JobCompletionNotificationListener - Job ID: 31
2025-07-26 22:19:56.030 [main] INFO  c.m.B.l.JobCompletionNotificationListener - Start Time: 2025-07-26T22:19:56.019242900
2025-07-26 22:19:56.030 [main] INFO  c.m.B.l.JobCompletionNotificationListener - Job Parameters: {timestamp={value=1753543195902, type=class java.lang.Long, identifying=true}}
2025-07-26 22:19:56.030 [main] INFO  c.m.B.l.JobCompletionNotificationListener - ====================
2025-07-26 22:19:56.048 [main] INFO  o.s.batch.core.job.SimpleStepHandler - Executing step: [remoteProcessTransactionsStep]
2025-07-26 22:19:56.055 [main] INFO  c.m.B.l.StepExecutionInfoListener - 
2025-07-26 22:19:56.055 [main] INFO  c.m.B.l.StepExecutionInfoListener - ================================================================================
2025-07-26 22:19:56.055 [main] INFO  c.m.B.l.StepExecutionInfoListener - === STEP STARTED ===
2025-07-26 22:19:56.055 [main] INFO  c.m.B.l.StepExecutionInfoListener - Step Name: remoteProcessTransactionsStep
2025-07-26 22:19:56.055 [main] INFO  c.m.B.l.StepExecutionInfoListener - Job Name: processRemoteTransactionsJob
2025-07-26 22:19:56.055 [main] INFO  c.m.B.l.StepExecutionInfoListener - Start Time: 2025-07-26T22:19:56.049337600
2025-07-26 22:19:56.055 [main] INFO  c.m.B.l.StepExecutionInfoListener - Thread: main
2025-07-26 22:19:56.055 [main] INFO  c.m.B.l.StepExecutionInfoListener - ================================================================================
2025-07-26 22:19:56.055 [main] INFO  c.m.B.l.StepExecutionInfoListener - 
2025-07-26 22:19:56.055 [main] INFO  com.zaxxer.hikari.HikariDataSource - HikariPool-2 - Starting...
2025-07-26 22:19:56.096 [main] INFO  com.zaxxer.hikari.pool.HikariPool - HikariPool-2 - Added connection org.postgresql.jdbc.PgConnection@48eb001a
2025-07-26 22:19:56.096 [main] INFO  com.zaxxer.hikari.HikariDataSource - HikariPool-2 - Start completed.
2025-07-26 22:19:56.256 [main] INFO  c.m.B.listener.ChunkProgressListener - Chunk Progress - Read: 100, Written: 100, Skipped: 0
2025-07-26 22:19:56.258 [main] INFO  c.m.B.l.StepExecutionInfoListener - 
2025-07-26 22:19:56.258 [main] INFO  c.m.B.l.StepExecutionInfoListener - ================================================================================
2025-07-26 22:19:56.258 [main] INFO  c.m.B.l.StepExecutionInfoListener - === STEP COMPLETED ===
2025-07-26 22:19:56.258 [main] INFO  c.m.B.l.StepExecutionInfoListener - Step Name: remoteProcessTransactionsStep
2025-07-26 22:19:56.258 [main] INFO  c.m.B.l.StepExecutionInfoListener - Status: COMPLETED
2025-07-26 22:19:56.259 [main] INFO  c.m.B.l.StepExecutionInfoListener - Exit Code: COMPLETED
2025-07-26 22:19:56.259 [main] INFO  c.m.B.l.StepExecutionInfoListener - Start Time: 2025-07-26T22:19:56.049337600
2025-07-26 22:19:56.259 [main] INFO  c.m.B.l.StepExecutionInfoListener - End Time: null
2025-07-26 22:19:56.259 [main] INFO  c.m.B.l.StepExecutionInfoListener - ================================================================================
2025-07-26 22:19:56.259 [main] INFO  c.m.B.l.StepExecutionInfoListener - 
2025-07-26 22:19:56.259 [main] INFO  c.m.B.l.StepExecutionInfoListener - 
2025-07-26 22:19:56.259 [main] INFO  c.m.B.l.StepExecutionInfoListener - ================================================================================
2025-07-26 22:19:56.259 [main] INFO  c.m.B.l.StepExecutionInfoListener - --- DATA PROCESSING SUMMARY ---
2025-07-26 22:19:56.259 [main] INFO  c.m.B.l.StepExecutionInfoListener - Read Count: 100
2025-07-26 22:19:56.259 [main] INFO  c.m.B.l.StepExecutionInfoListener - Write Count: 100
2025-07-26 22:19:56.259 [main] INFO  c.m.B.l.StepExecutionInfoListener - Commit Count: 1
2025-07-26 22:19:56.259 [main] INFO  c.m.B.l.StepExecutionInfoListener - Rollback Count: 0
2025-07-26 22:19:56.259 [main] INFO  c.m.B.l.StepExecutionInfoListener - ================================================================================
2025-07-26 22:19:56.259 [main] INFO  c.m.B.l.StepExecutionInfoListener - 
2025-07-26 22:19:56.260 [main] INFO  c.m.B.l.StepExecutionInfoListener - 
2025-07-26 22:19:56.260 [main] INFO  c.m.B.l.StepExecutionInfoListener - ================================================================================
2025-07-26 22:19:56.260 [main] INFO  c.m.B.l.StepExecutionInfoListener - --- ERR0R SUMMARY ---
2025-07-26 22:19:56.260 [main] INFO  c.m.B.l.StepExecutionInfoListener - Read Skip Count: 0
2025-07-26 22:19:56.260 [main] INFO  c.m.B.l.StepExecutionInfoListener - Write Skip Count: 0
2025-07-26 22:19:56.260 [main] INFO  c.m.B.l.StepExecutionInfoListener - Process Skip Count: 0
2025-07-26 22:19:56.260 [main] INFO  c.m.B.l.StepExecutionInfoListener - Filter Count: 0
2025-07-26 22:19:56.260 [main] INFO  c.m.B.l.StepExecutionInfoListener - ================================================================================
2025-07-26 22:19:56.260 [main] INFO  c.m.B.l.StepExecutionInfoListener - 
2025-07-26 22:19:56.260 [main] INFO  c.m.B.l.StepExecutionInfoListener - 
2025-07-26 22:19:56.260 [main] INFO  c.m.B.l.StepExecutionInfoListener - ================================================================================
2025-07-26 22:19:56.260 [main] INFO  c.m.B.l.StepExecutionInfoListener - --- FINAL STATISTICS ---
2025-07-26 22:19:56.261 [main] INFO  c.m.B.l.StepExecutionInfoListener - Total Records Processed: 100
2025-07-26 22:19:56.261 [main] INFO  c.m.B.l.StepExecutionInfoListener - Successfully Processed: 100
2025-07-26 22:19:56.261 [main] INFO  c.m.B.l.StepExecutionInfoListener - F4iled/Skipped: 0
2025-07-26 22:19:56.261 [main] INFO  c.m.B.l.StepExecutionInfoListener - Success Rate: 100.0%
2025-07-26 22:19:56.261 [main] INFO  c.m.B.l.StepExecutionInfoListener - ================================================================================
2025-07-26 22:19:56.261 [main] INFO  c.m.B.l.StepExecutionInfoListener - 
2025-07-26 22:19:56.261 [main] INFO  c.m.B.l.StepExecutionInfoListener - Thread: main
2025-07-26 22:19:56.261 [main] INFO  c.m.B.l.StepExecutionInfoListener - =======================
2025-07-26 22:19:56.264 [main] INFO  o.s.batch.core.step.AbstractStep - Step: [remoteProcessTransactionsStep] executed in 214ms
2025-07-26 22:19:56.273 [main] INFO  c.m.B.l.JobCompletionNotificationListener - !!! JOB FINISHED! Time taken: 0.001 seconds !!!
2025-07-26 22:19:56.273 [main] INFO  c.m.B.l.JobCompletionNotificationListener - End Time: 2025-07-26T22:19:56.273063400
2025-07-26 22:19:56.273 [main] INFO  c.m.B.l.JobCompletionNotificationListener - ====================
2025-07-26 22:19:56.281 [main] INFO  o.s.b.c.l.support.SimpleJobLauncher - Job: [SimpleJob: [name=processRemoteTransactionsJob]] completed with the following parameters: [{'timestamp':'{value=1753543195902, type=class java.lang.Long, identifying=true}'}] and the following status: [COMPLETED] in 253ms
2025-07-26 22:19:56.287 [SpringApplicationShutdownHook] INFO  com.zaxxer.hikari.HikariDataSource - HikariPool-2 - Shutdown initiated...
2025-07-26 22:19:56.318 [SpringApplicationShutdownHook] INFO  com.zaxxer.hikari.HikariDataSource - HikariPool-2 - Shutdown completed.
2025-07-26 22:19:56.318 [SpringApplicationShutdownHook] INFO  com.zaxxer.hikari.HikariDataSource - HikariPool-1 - Shutdown initiated...
2025-07-26 22:19:56.393 [SpringApplicationShutdownHook] INFO  com.zaxxer.hikari.HikariDataSource - HikariPool-1 - Shutdown completed.
2025-07-26 22:37:47.173 [main] INFO  c.m.BatchFury.BatchFuryApplication - Starting BatchFuryApplication using Java 17.0.14 with PID 13912 (D:\Project\BatchFury\target\classes started by mfauz in D:\Project\BatchFury)
2025-07-26 22:37:47.177 [main] INFO  c.m.BatchFury.BatchFuryApplication - No active profile set, falling back to 1 default profile: "default"
2025-07-26 22:37:47.716 [main] WARN  o.s.c.a.AnnotationConfigApplicationContext - Exception encountered during context initialization - cancelling refresh attempt: org.springframework.beans.factory.support.BeanDefinitionOverrideException: Invalid bean definition with name 'transactionManager' defined in class path resource [com/mdro/BatchFury/config/DatasourceConfig.class]: Cannot register bean definition [Root bean: class=null; scope=; abstract=false; lazyInit=null; autowireMode=3; dependencyCheck=0; autowireCandidate=true; primary=false; fallback=false; factoryBeanName=datasourceConfig; factoryMethodName=metadataTransactionManager; initMethodNames=null; destroyMethodNames=[(inferred)]; defined in class path resource [com/mdro/BatchFury/config/DatasourceConfig.class]] for bean 'transactionManager' since there is already [Root bean: class=null; scope=; abstract=false; lazyInit=null; autowireMode=3; dependencyCheck=0; autowireCandidate=true; primary=false; fallback=false; factoryBeanName=batchConfigMultipleDataSource; factoryMethodName=transactionManager; initMethodNames=null; destroyMethodNames=[(inferred)]; defined in class path resource [com/mdro/BatchFury/config/BatchConfigMultipleDataSource.class]] bound.
2025-07-26 22:37:47.746 [main] INFO  o.s.b.a.l.ConditionEvaluationReportLogger - 

Error starting ApplicationContext. To display the condition evaluation report re-run your application with 'debug' enabled.
2025-07-26 22:37:47.786 [main] ERROR o.s.b.d.LoggingFailureAnalysisReporter - 

***************************
APPLICATION FAILED TO START
***************************

Description:

The bean 'transactionManager', defined in class path resource [com/mdro/BatchFury/config/DatasourceConfig.class], could not be registered. A bean with that name has already been defined in class path resource [com/mdro/BatchFury/config/BatchConfigMultipleDataSource.class] and overriding is disabled.

Action:

Consider renaming one of the beans or enabling overriding by setting spring.main.allow-bean-definition-overriding=true

2025-07-26 22:38:34.379 [main] INFO  c.m.BatchFury.BatchFuryApplication - Starting BatchFuryApplication using Java 17.0.14 with PID 1644 (D:\Project\BatchFury\target\classes started by mfauz in D:\Project\BatchFury)
2025-07-26 22:38:34.383 [main] INFO  c.m.BatchFury.BatchFuryApplication - No active profile set, falling back to 1 default profile: "default"
2025-07-26 22:38:34.887 [main] INFO  o.s.b.c.c.annotation.BatchRegistrar - Finished Spring Batch infrastructure beans configuration in 9 ms.
2025-07-26 22:38:35.251 [main] WARN  o.s.c.s.PostProcessorRegistrationDelegate$BeanPostProcessorChecker - Bean 'jobRegistry' of type [org.springframework.batch.core.configuration.support.MapJobRegistry] is not eligible for getting processed by all BeanPostProcessors (for example: not eligible for auto-proxying). Is this bean getting eagerly injected/applied to a currently created BeanPostProcessor [jobRegistryBeanPostProcessor]? Check the corresponding BeanPostProcessor declaration and its dependencies/advisors. If this bean does not have to be post-processed, declare it with ROLE_INFRASTRUCTURE.
2025-07-26 22:38:35.419 [main] INFO  com.zaxxer.hikari.HikariDataSource - HikariPool-1 - Starting...
2025-07-26 22:38:35.789 [main] INFO  com.zaxxer.hikari.pool.HikariPool - HikariPool-1 - Added connection org.postgresql.jdbc.PgConnection@51841ac6
2025-07-26 22:38:35.791 [main] INFO  com.zaxxer.hikari.HikariDataSource - HikariPool-1 - Start completed.
2025-07-26 22:38:35.803 [main] INFO  o.s.b.c.r.s.JobRepositoryFactoryBean - No database type set, using meta data indicating: POSTGRES
2025-07-26 22:38:35.850 [main] INFO  o.s.b.c.l.support.SimpleJobLauncher - No TaskExecutor has been set, defaulting to synchronous executor.
2025-07-26 22:38:35.955 [main] INFO  o.s.b.c.c.a.BatchObservabilityBeanPostProcessor - No Micrometer observation registry found, defaulting to ObservationRegistry.NOOP
2025-07-26 22:38:35.966 [main] INFO  o.s.b.c.c.a.BatchObservabilityBeanPostProcessor - No Micrometer observation registry found, defaulting to ObservationRegistry.NOOP
2025-07-26 22:38:35.999 [main] INFO  o.s.b.c.r.s.JobRepositoryFactoryBean - No database type set, using meta data indicating: POSTGRES
2025-07-26 22:38:36.005 [main] INFO  o.s.b.c.l.support.SimpleJobLauncher - No TaskExecutor has been set, defaulting to synchronous executor.
2025-07-26 22:38:36.198 [main] INFO  c.m.BatchFury.BatchFuryApplication - Started BatchFuryApplication in 2.756 seconds (process running for 3.243)
2025-07-26 22:38:36.310 [main] INFO  o.s.b.c.l.support.SimpleJobLauncher - Job: [SimpleJob: [name=processRemoteTransactionsJob]] launched with the following parameters: [{'timestamp':'{value=1753544316207, type=class java.lang.Long, identifying=true}'}]
2025-07-26 22:38:36.340 [main] INFO  c.m.B.l.JobCompletionNotificationListener - !!! JOB STARTED !!!
2025-07-26 22:38:36.340 [main] INFO  c.m.B.l.JobCompletionNotificationListener - Job Name: processRemoteTransactionsJob
2025-07-26 22:38:36.340 [main] INFO  c.m.B.l.JobCompletionNotificationListener - Job ID: 32
2025-07-26 22:38:36.341 [main] INFO  c.m.B.l.JobCompletionNotificationListener - Start Time: 2025-07-26T22:38:36.330453100
2025-07-26 22:38:36.341 [main] INFO  c.m.B.l.JobCompletionNotificationListener - Job Parameters: {timestamp={value=1753544316207, type=class java.lang.Long, identifying=true}}
2025-07-26 22:38:36.341 [main] INFO  c.m.B.l.JobCompletionNotificationListener - ====================
2025-07-26 22:38:36.354 [main] INFO  o.s.batch.core.job.SimpleStepHandler - Executing step: [remoteProcessTransactionsStep]
2025-07-26 22:38:36.360 [main] INFO  c.m.B.l.StepExecutionInfoListener - 
2025-07-26 22:38:36.361 [main] INFO  c.m.B.l.StepExecutionInfoListener - ================================================================================
2025-07-26 22:38:36.361 [main] INFO  c.m.B.l.StepExecutionInfoListener - === STEP STARTED ===
2025-07-26 22:38:36.361 [main] INFO  c.m.B.l.StepExecutionInfoListener - Step Name: remoteProcessTransactionsStep
2025-07-26 22:38:36.361 [main] INFO  c.m.B.l.StepExecutionInfoListener - Job Name: processRemoteTransactionsJob
2025-07-26 22:38:36.361 [main] INFO  c.m.B.l.StepExecutionInfoListener - Start Time: 2025-07-26T22:38:36.354726300
2025-07-26 22:38:36.361 [main] INFO  c.m.B.l.StepExecutionInfoListener - Thread: main
2025-07-26 22:38:36.361 [main] INFO  c.m.B.l.StepExecutionInfoListener - ================================================================================
2025-07-26 22:38:36.361 [main] INFO  c.m.B.l.StepExecutionInfoListener - 
2025-07-26 22:38:36.361 [main] INFO  com.zaxxer.hikari.HikariDataSource - HikariPool-2 - Starting...
2025-07-26 22:38:36.500 [main] INFO  com.zaxxer.hikari.pool.HikariPool - HikariPool-2 - Added connection org.postgresql.jdbc.PgConnection@48df4071
2025-07-26 22:38:36.500 [main] INFO  com.zaxxer.hikari.HikariDataSource - HikariPool-2 - Start completed.
2025-07-26 22:38:36.616 [main] INFO  c.m.B.listener.ChunkProgressListener - Chunk Progress - Read: 100, Written: 100, Skipped: 0
2025-07-26 22:38:36.617 [main] INFO  c.m.B.l.StepExecutionInfoListener - 
2025-07-26 22:38:36.618 [main] INFO  c.m.B.l.StepExecutionInfoListener - ================================================================================
2025-07-26 22:38:36.618 [main] INFO  c.m.B.l.StepExecutionInfoListener - === STEP COMPLETED ===
2025-07-26 22:38:36.618 [main] INFO  c.m.B.l.StepExecutionInfoListener - Step Name: remoteProcessTransactionsStep
2025-07-26 22:38:36.618 [main] INFO  c.m.B.l.StepExecutionInfoListener - Status: COMPLETED
2025-07-26 22:38:36.618 [main] INFO  c.m.B.l.StepExecutionInfoListener - Exit Code: COMPLETED
2025-07-26 22:38:36.618 [main] INFO  c.m.B.l.StepExecutionInfoListener - Start Time: 2025-07-26T22:38:36.354726300
2025-07-26 22:38:36.618 [main] INFO  c.m.B.l.StepExecutionInfoListener - End Time: null
2025-07-26 22:38:36.618 [main] INFO  c.m.B.l.StepExecutionInfoListener - ================================================================================
2025-07-26 22:38:36.618 [main] INFO  c.m.B.l.StepExecutionInfoListener - 
2025-07-26 22:38:36.618 [main] INFO  c.m.B.l.StepExecutionInfoListener - 
2025-07-26 22:38:36.618 [main] INFO  c.m.B.l.StepExecutionInfoListener - ================================================================================
2025-07-26 22:38:36.618 [main] INFO  c.m.B.l.StepExecutionInfoListener - --- DATA PROCESSING SUMMARY ---
2025-07-26 22:38:36.618 [main] INFO  c.m.B.l.StepExecutionInfoListener - Read Count: 100
2025-07-26 22:38:36.618 [main] INFO  c.m.B.l.StepExecutionInfoListener - Write Count: 100
2025-07-26 22:38:36.618 [main] INFO  c.m.B.l.StepExecutionInfoListener - Commit Count: 1
2025-07-26 22:38:36.618 [main] INFO  c.m.B.l.StepExecutionInfoListener - Rollback Count: 0
2025-07-26 22:38:36.618 [main] INFO  c.m.B.l.StepExecutionInfoListener - ================================================================================
2025-07-26 22:38:36.618 [main] INFO  c.m.B.l.StepExecutionInfoListener - 
2025-07-26 22:38:36.619 [main] INFO  c.m.B.l.StepExecutionInfoListener - 
2025-07-26 22:38:36.619 [main] INFO  c.m.B.l.StepExecutionInfoListener - ================================================================================
2025-07-26 22:38:36.619 [main] INFO  c.m.B.l.StepExecutionInfoListener - --- ERR0R SUMMARY ---
2025-07-26 22:38:36.619 [main] INFO  c.m.B.l.StepExecutionInfoListener - Read Skip Count: 0
2025-07-26 22:38:36.619 [main] INFO  c.m.B.l.StepExecutionInfoListener - Write Skip Count: 0
2025-07-26 22:38:36.619 [main] INFO  c.m.B.l.StepExecutionInfoListener - Process Skip Count: 0
2025-07-26 22:38:36.619 [main] INFO  c.m.B.l.StepExecutionInfoListener - Filter Count: 0
2025-07-26 22:38:36.619 [main] INFO  c.m.B.l.StepExecutionInfoListener - ================================================================================
2025-07-26 22:38:36.619 [main] INFO  c.m.B.l.StepExecutionInfoListener - 
2025-07-26 22:38:36.619 [main] INFO  c.m.B.l.StepExecutionInfoListener - 
2025-07-26 22:38:36.619 [main] INFO  c.m.B.l.StepExecutionInfoListener - ================================================================================
2025-07-26 22:38:36.619 [main] INFO  c.m.B.l.StepExecutionInfoListener - --- FINAL STATISTICS ---
2025-07-26 22:38:36.619 [main] INFO  c.m.B.l.StepExecutionInfoListener - Total Records Processed: 100
2025-07-26 22:38:36.620 [main] INFO  c.m.B.l.StepExecutionInfoListener - Successfully Processed: 100
2025-07-26 22:38:36.620 [main] INFO  c.m.B.l.StepExecutionInfoListener - F4iled/Skipped: 0
2025-07-26 22:38:36.620 [main] INFO  c.m.B.l.StepExecutionInfoListener - Success Rate: 100.0%
2025-07-26 22:38:36.620 [main] INFO  c.m.B.l.StepExecutionInfoListener - ================================================================================
2025-07-26 22:38:36.620 [main] INFO  c.m.B.l.StepExecutionInfoListener - 
2025-07-26 22:38:36.620 [main] INFO  c.m.B.l.StepExecutionInfoListener - Thread: main
2025-07-26 22:38:36.620 [main] INFO  c.m.B.l.StepExecutionInfoListener - =======================
2025-07-26 22:38:36.624 [main] INFO  o.s.batch.core.step.AbstractStep - Step: [remoteProcessTransactionsStep] executed in 268ms
2025-07-26 22:38:36.634 [main] INFO  c.m.B.l.JobCompletionNotificationListener - !!! JOB FINISHED! Time taken: 0.001 seconds !!!
2025-07-26 22:38:36.634 [main] INFO  c.m.B.l.JobCompletionNotificationListener - End Time: 2025-07-26T22:38:36.634324900
2025-07-26 22:38:36.634 [main] INFO  c.m.B.l.JobCompletionNotificationListener - ====================
2025-07-26 22:38:36.644 [main] INFO  o.s.b.c.l.support.SimpleJobLauncher - Job: [SimpleJob: [name=processRemoteTransactionsJob]] completed with the following parameters: [{'timestamp':'{value=1753544316207, type=class java.lang.Long, identifying=true}'}] and the following status: [COMPLETED] in 303ms
2025-07-26 22:38:36.652 [SpringApplicationShutdownHook] INFO  com.zaxxer.hikari.HikariDataSource - HikariPool-2 - Shutdown initiated...
2025-07-26 22:38:36.709 [SpringApplicationShutdownHook] INFO  com.zaxxer.hikari.HikariDataSource - HikariPool-2 - Shutdown completed.
2025-07-26 22:38:36.710 [SpringApplicationShutdownHook] INFO  com.zaxxer.hikari.HikariDataSource - HikariPool-1 - Shutdown initiated...
2025-07-26 22:38:36.879 [SpringApplicationShutdownHook] INFO  com.zaxxer.hikari.HikariDataSource - HikariPool-1 - Shutdown completed.
