2025-08-05 00:35:26.555 [main] INFO  [JOB:default-job] c.m.BatchFury.BatchFuryApplication - Starting BatchFuryApplication v0.0.1-SNAPSHOT using Java 17.0.14 with PID 19052 (D:\Project\BatchFury\target\BatchFury-0.0.1-SNAPSHOT.jar started by mfauz in D:\Project\BatchFury)
2025-08-05 00:35:26.557 [main] INFO  [JOB:default-job] c.m.BatchFury.BatchFuryApplication - The following 1 profile is active: "data-migration"
2025-08-05 00:35:27.921 [main] INFO  [JOB:default-job] c.m.BatchFury.BatchFuryApplication - Started BatchFuryApplication in 1.917 seconds (process running for 2.354)
2025-08-05 00:35:27.968 [main] INFO  [JOB:default-job] o.s.b.c.l.s.TaskExecutorJobLauncher - Job: [SimpleJob: [name=data-migration-job]] launched with the following parameters: [{'inputFile':'{value=test, type=class java.lang.String, identifying=true}'}]
2025-08-05 00:35:27.995 [main] INFO  [JOB:default-job] c.m.B.config.DataMigrationJobConfig - File input: test
2025-08-05 00:35:27.996 [main] INFO  [JOB:default-job] c.m.B.config.DataMigrationJobConfig - Starting Data Migration Job
2025-08-05 00:35:28.002 [main] INFO  [JOB:default-job] o.s.batch.core.job.SimpleStepHandler - Executing step: [dataProcessingStep]
2025-08-05 00:35:28.009 [main] INFO  [JOB:default-job] c.m.B.tasklet.DataProcessingTasklet - Executing Data Processing Tasklet
2025-08-05 00:35:28.010 [main] INFO  [JOB:default-job] c.m.B.tasklet.DataProcessingTasklet - Processing data records...
2025-08-05 00:35:30.019 [main] INFO  [JOB:default-job] c.m.B.tasklet.DataProcessingTasklet - Data processing completed successfully
2025-08-05 00:35:30.022 [main] INFO  [JOB:default-job] o.s.batch.core.step.AbstractStep - Step: [dataProcessingStep] executed in 2s20ms
2025-08-05 00:35:30.038 [main] INFO  [JOB:default-job] o.s.batch.core.job.SimpleStepHandler - Executing step: [reportGenerationStep]
2025-08-05 00:35:30.039 [main] INFO  [JOB:default-job] c.m.B.t.ReportGenerationTasklet - Executing Report Generation Tasklet
2025-08-05 00:35:30.040 [main] INFO  [JOB:default-job] c.m.B.t.ReportGenerationTasklet - Collecting data for report...
2025-08-05 00:35:31.049 [main] INFO  [JOB:default-job] c.m.B.t.ReportGenerationTasklet - Generating report content...
2025-08-05 00:35:33.062 [main] INFO  [JOB:default-job] c.m.B.t.ReportGenerationTasklet - Formatting and saving report...
2025-08-05 00:35:33.869 [main] INFO  [JOB:default-job] c.m.B.t.ReportGenerationTasklet - Report generation completed successfully
2025-08-05 00:35:33.871 [main] INFO  [JOB:default-job] o.s.batch.core.step.AbstractStep - Step: [reportGenerationStep] executed in 3s832ms
2025-08-05 00:35:33.873 [main] INFO  [JOB:default-job] c.m.B.config.DataMigrationJobConfig - File input: test
2025-08-05 00:35:33.874 [main] INFO  [JOB:default-job] c.m.B.config.DataMigrationJobConfig - Data Migration Job completed with status: COMPLETED
2025-08-05 00:35:33.878 [main] INFO  [JOB:default-job] o.s.b.c.l.s.TaskExecutorJobLauncher - Job: [SimpleJob: [name=data-migration-job]] completed with the following parameters: [{'inputFile':'{value=test, type=class java.lang.String, identifying=true}'}] and the following status: [COMPLETED] in 5s895ms
