2025-07-26T00:42:37.986+07:00  INFO 8456 --- [BatchFury] [main] c.mdro.BatchFury.BatchFuryApplication    : Starting BatchFuryApplication using Java 17.0.14 with PID 8456 (D:\Project\BatchFury\target\classes started by mfauz in D:\Project\BatchFury)
2025-07-26T00:42:37.989+07:00  INFO 8456 --- [BatchFury] [main] c.mdro.BatchFury.BatchFuryApplication    : No active profile set, falling back to 1 default profile: "default"
2025-07-26T00:42:39.070+07:00  INFO 8456 --- [BatchFury] [main] o.s.b.c.c.annotation.BatchRegistrar      : Finished Spring Batch infrastructure beans configuration in 7 ms.
2025-07-26T00:42:39.713+07:00  INFO 8456 --- [BatchFury] [main] .s.d.r.c.RepositoryConfigurationDelegate : Bootstrapping Spring Data JPA repositories in DEFAULT mode.
2025-07-26T00:42:39.753+07:00  INFO 8456 --- [BatchFury] [main] .s.d.r.c.RepositoryConfigurationDelegate : Finished Spring Data repository scanning in 24 ms. Found 0 JPA repository interfaces.
2025-07-26T00:42:40.621+07:00  INFO 8456 --- [BatchFury] [main] o.s.b.w.embedded.tomcat.TomcatWebServer  : Tomcat initialized with port 8080 (http)
2025-07-26T00:42:40.636+07:00  INFO 8456 --- [BatchFury] [main] o.apache.catalina.core.StandardService   : Starting service [Tomcat]
2025-07-26T00:42:40.637+07:00  INFO 8456 --- [BatchFury] [main] o.apache.catalina.core.StandardEngine    : Starting Servlet engine: [Apache Tomcat/10.1.43]
2025-07-26T00:42:40.737+07:00  INFO 8456 --- [BatchFury] [main] o.a.c.c.C.[Tomcat].[localhost].[/]       : Initializing Spring embedded WebApplicationContext
2025-07-26T00:42:40.738+07:00  INFO 8456 --- [BatchFury] [main] w.s.c.ServletWebServerApplicationContext : Root WebApplicationContext: initialization completed in 2653 ms
2025-07-26T00:42:41.330+07:00  INFO 8456 --- [BatchFury] [main] o.hibernate.jpa.internal.util.LogHelper  : HHH000204: Processing PersistenceUnitInfo [name: default]
2025-07-26T00:42:41.460+07:00  INFO 8456 --- [BatchFury] [main] org.hibernate.Version                    : HHH000412: Hibernate ORM core version 6.6.22.Final
2025-07-26T00:42:41.522+07:00  INFO 8456 --- [BatchFury] [main] o.h.c.internal.RegionFactoryInitiator    : HHH000026: Second-level cache disabled
2025-07-26T00:42:41.987+07:00  INFO 8456 --- [BatchFury] [main] o.s.o.j.p.SpringPersistenceUnitInfo      : No LoadTimeWeaver setup: ignoring JPA class transformer
2025-07-26T00:42:42.033+07:00  INFO 8456 --- [BatchFury] [main] com.zaxxer.hikari.HikariDataSource       : HikariPool-1 - Starting...
2025-07-26T00:42:42.326+07:00  INFO 8456 --- [BatchFury] [main] com.zaxxer.hikari.pool.HikariPool        : HikariPool-1 - Added connection org.postgresql.jdbc.PgConnection@2299f6d7
2025-07-26T00:42:42.328+07:00  INFO 8456 --- [BatchFury] [main] com.zaxxer.hikari.HikariDataSource       : HikariPool-1 - Start completed.
2025-07-26T00:42:42.393+07:00  WARN 8456 --- [BatchFury] [main] org.hibernate.orm.deprecation            : HHH90000025: PostgreSQLDialect does not need to be specified explicitly using 'hibernate.dialect' (remove the property setting and it will be selected by default)
2025-07-26T00:42:42.425+07:00  INFO 8456 --- [BatchFury] [main] org.hibernate.orm.connections.pooling    : HHH10001005: Database info:
	Database JDBC URL [Connecting through datasource 'HikariDataSource (HikariPool-1)']
	Database driver: undefined/unknown
	Database version: 17.2
	Autocommit mode: undefined/unknown
	Isolation level: undefined/unknown
	Minimum pool size: undefined/unknown
	Maximum pool size: undefined/unknown
2025-07-26T00:42:42.615+07:00 ERROR 8456 --- [BatchFury] [main] j.LocalContainerEntityManagerFactoryBean : Failed to initialize JPA EntityManagerFactory: Entity 'com.mdro.BatchFury.model.Transaction' has no identifier (every '@Entity' class must declare or inherit at least one '@Id' or '@EmbeddedId' property)
2025-07-26T00:42:42.617+07:00  WARN 8456 --- [BatchFury] [main] ConfigServletWebServerApplicationContext : Exception encountered during context initialization - cancelling refresh attempt: org.springframework.beans.factory.BeanCreationException: Error creating bean with name 'entityManagerFactory' defined in class path resource [org/springframework/boot/autoconfigure/orm/jpa/HibernateJpaConfiguration.class]: Entity 'com.mdro.BatchFury.model.Transaction' has no identifier (every '@Entity' class must declare or inherit at least one '@Id' or '@EmbeddedId' property)
2025-07-26T00:42:42.618+07:00  INFO 8456 --- [BatchFury] [main] com.zaxxer.hikari.HikariDataSource       : HikariPool-1 - Shutdown initiated...
2025-07-26T00:42:42.644+07:00  INFO 8456 --- [BatchFury] [main] com.zaxxer.hikari.HikariDataSource       : HikariPool-1 - Shutdown completed.
2025-07-26T00:42:42.649+07:00  INFO 8456 --- [BatchFury] [main] o.apache.catalina.core.StandardService   : Stopping service [Tomcat]
2025-07-26T00:42:42.669+07:00  INFO 8456 --- [BatchFury] [main] .s.b.a.l.ConditionEvaluationReportLogger : 

Error starting ApplicationContext. To display the condition evaluation report re-run your application with 'debug' enabled.
2025-07-26T00:42:42.692+07:00 ERROR 8456 --- [BatchFury] [main] o.s.boot.SpringApplication               : Application run failed

org.springframework.beans.factory.BeanCreationException: Error creating bean with name 'entityManagerFactory' defined in class path resource [org/springframework/boot/autoconfigure/orm/jpa/HibernateJpaConfiguration.class]: Entity 'com.mdro.BatchFury.model.Transaction' has no identifier (every '@Entity' class must declare or inherit at least one '@Id' or '@EmbeddedId' property)
	at org.springframework.beans.factory.support.AbstractAutowireCapableBeanFactory.initializeBean(AbstractAutowireCapableBeanFactory.java:1826)
	at org.springframework.beans.factory.support.AbstractAutowireCapableBeanFactory.doCreateBean(AbstractAutowireCapableBeanFactory.java:607)
	at org.springframework.beans.factory.support.AbstractAutowireCapableBeanFactory.createBean(AbstractAutowireCapableBeanFactory.java:529)
	at org.springframework.beans.factory.support.AbstractBeanFactory.lambda$doGetBean$0(AbstractBeanFactory.java:339)
	at org.springframework.beans.factory.support.DefaultSingletonBeanRegistry.getSingleton(DefaultSingletonBeanRegistry.java:373)
	at org.springframework.beans.factory.support.AbstractBeanFactory.doGetBean(AbstractBeanFactory.java:337)
	at org.springframework.beans.factory.support.AbstractBeanFactory.getBean(AbstractBeanFactory.java:207)
	at org.springframework.context.support.AbstractApplicationContext.finishBeanFactoryInitialization(AbstractApplicationContext.java:970)
	at org.springframework.context.support.AbstractApplicationContext.refresh(AbstractApplicationContext.java:627)
	at org.springframework.boot.web.servlet.context.ServletWebServerApplicationContext.refresh(ServletWebServerApplicationContext.java:146)
	at org.springframework.boot.SpringApplication.refresh(SpringApplication.java:752)
	at org.springframework.boot.SpringApplication.refreshContext(SpringApplication.java:439)
	at org.springframework.boot.SpringApplication.run(SpringApplication.java:318)
	at org.springframework.boot.SpringApplication.run(SpringApplication.java:1361)
	at org.springframework.boot.SpringApplication.run(SpringApplication.java:1350)
	at com.mdro.BatchFury.BatchFuryApplication.main(BatchFuryApplication.java:10)
Caused by: org.hibernate.AnnotationException: Entity 'com.mdro.BatchFury.model.Transaction' has no identifier (every '@Entity' class must declare or inherit at least one '@Id' or '@EmbeddedId' property)
	at org.hibernate.boot.model.internal.InheritanceState.determineDefaultAccessType(InheritanceState.java:289)
	at org.hibernate.boot.model.internal.InheritanceState.getElementsToProcess(InheritanceState.java:226)
	at org.hibernate.boot.model.internal.InheritanceState.postProcess(InheritanceState.java:162)
	at org.hibernate.boot.model.internal.EntityBinder.handleIdentifier(EntityBinder.java:410)
	at org.hibernate.boot.model.internal.EntityBinder.bindEntityClass(EntityBinder.java:251)
	at org.hibernate.boot.model.internal.AnnotationBinder.bindClass(AnnotationBinder.java:404)
	at org.hibernate.boot.model.source.internal.annotations.AnnotationMetadataSourceProcessorImpl.processEntityHierarchies(AnnotationMetadataSourceProcessorImpl.java:266)
	at org.hibernate.boot.model.process.spi.MetadataBuildingProcess$1.processEntityHierarchies(MetadataBuildingProcess.java:281)
	at org.hibernate.boot.model.process.spi.MetadataBuildingProcess.complete(MetadataBuildingProcess.java:324)
	at org.hibernate.jpa.boot.internal.EntityManagerFactoryBuilderImpl.metadata(EntityManagerFactoryBuilderImpl.java:1442)
	at org.hibernate.jpa.boot.internal.EntityManagerFactoryBuilderImpl.build(EntityManagerFactoryBuilderImpl.java:1513)
	at org.springframework.orm.jpa.vendor.SpringHibernateJpaPersistenceProvider.createContainerEntityManagerFactory(SpringHibernateJpaPersistenceProvider.java:66)
	at org.springframework.orm.jpa.LocalContainerEntityManagerFactoryBean.createNativeEntityManagerFactory(LocalContainerEntityManagerFactoryBean.java:390)
	at org.springframework.orm.jpa.AbstractEntityManagerFactoryBean.buildNativeEntityManagerFactory(AbstractEntityManagerFactoryBean.java:419)
	at org.springframework.orm.jpa.AbstractEntityManagerFactoryBean.afterPropertiesSet(AbstractEntityManagerFactoryBean.java:400)
	at org.springframework.orm.jpa.LocalContainerEntityManagerFactoryBean.afterPropertiesSet(LocalContainerEntityManagerFactoryBean.java:366)
	at org.springframework.beans.factory.support.AbstractAutowireCapableBeanFactory.invokeInitMethods(AbstractAutowireCapableBeanFactory.java:1873)
	at org.springframework.beans.factory.support.AbstractAutowireCapableBeanFactory.initializeBean(AbstractAutowireCapableBeanFactory.java:1822)
	... 15 common frames omitted

2025-07-26T00:45:02.975+07:00  INFO 18244 --- [BatchFury] [main] c.mdro.BatchFury.BatchFuryApplication    : Starting BatchFuryApplication using Java 17.0.14 with PID 18244 (D:\Project\BatchFury\target\classes started by mfauz in D:\Project\BatchFury)
2025-07-26T00:45:02.979+07:00  INFO 18244 --- [BatchFury] [main] c.mdro.BatchFury.BatchFuryApplication    : No active profile set, falling back to 1 default profile: "default"
2025-07-26T00:45:03.844+07:00  INFO 18244 --- [BatchFury] [main] o.s.b.c.c.annotation.BatchRegistrar      : Finished Spring Batch infrastructure beans configuration in 4 ms.
2025-07-26T00:45:05.172+07:00  INFO 18244 --- [BatchFury] [main] o.s.b.w.embedded.tomcat.TomcatWebServer  : Tomcat initialized with port 8080 (http)
2025-07-26T00:45:05.193+07:00  INFO 18244 --- [BatchFury] [main] o.apache.catalina.core.StandardService   : Starting service [Tomcat]
2025-07-26T00:45:05.193+07:00  INFO 18244 --- [BatchFury] [main] o.apache.catalina.core.StandardEngine    : Starting Servlet engine: [Apache Tomcat/10.1.43]
2025-07-26T00:45:05.270+07:00  INFO 18244 --- [BatchFury] [main] o.a.c.c.C.[Tomcat].[localhost].[/]       : Initializing Spring embedded WebApplicationContext
2025-07-26T00:45:05.271+07:00  INFO 18244 --- [BatchFury] [main] w.s.c.ServletWebServerApplicationContext : Root WebApplicationContext: initialization completed in 2221 ms
2025-07-26T00:45:05.710+07:00  INFO 18244 --- [BatchFury] [main] com.zaxxer.hikari.HikariDataSource       : HikariPool-1 - Starting...
2025-07-26T00:45:05.970+07:00  INFO 18244 --- [BatchFury] [main] com.zaxxer.hikari.pool.HikariPool        : HikariPool-1 - Added connection org.postgresql.jdbc.PgConnection@53feeac9
2025-07-26T00:45:05.972+07:00  INFO 18244 --- [BatchFury] [main] com.zaxxer.hikari.HikariDataSource       : HikariPool-1 - Start completed.
2025-07-26T00:45:05.996+07:00  INFO 18244 --- [BatchFury] [main] o.s.b.c.r.s.JobRepositoryFactoryBean     : No database type set, using meta data indicating: POSTGRES
2025-07-26T00:45:06.169+07:00  WARN 18244 --- [BatchFury] [main] o.s.b.c.s.b.FaultTolerantStepBuilder     : Asynchronous TaskExecutor detected with ItemStream reader.  This is probably an error, and may lead to incorrect restart data being stored.
2025-07-26T00:45:07.052+07:00  INFO 18244 --- [BatchFury] [main] o.s.b.a.e.web.EndpointLinksResolver      : Exposing 1 endpoint beneath base path '/actuator'
2025-07-26T00:45:07.172+07:00  INFO 18244 --- [BatchFury] [main] o.s.b.w.embedded.tomcat.TomcatWebServer  : Tomcat started on port 8080 (http) with context path '/'
2025-07-26T00:45:07.190+07:00  INFO 18244 --- [BatchFury] [main] c.mdro.BatchFury.BatchFuryApplication    : Started BatchFuryApplication in 5.111 seconds (process running for 5.619)
2025-07-26T00:47:54.912+07:00  INFO 18244 --- [BatchFury] [SpringApplicationShutdownHook] o.s.b.w.e.tomcat.GracefulShutdown        : Commencing graceful shutdown. Waiting for active requests to complete
2025-07-26T00:47:55.136+07:00  INFO 18244 --- [BatchFury] [tomcat-shutdown] o.s.b.w.e.tomcat.GracefulShutdown        : Graceful shutdown complete
2025-07-26T00:47:55.147+07:00  INFO 18244 --- [BatchFury] [SpringApplicationShutdownHook] com.zaxxer.hikari.HikariDataSource       : HikariPool-1 - Shutdown initiated...
2025-07-26T00:47:55.157+07:00  INFO 18244 --- [BatchFury] [SpringApplicationShutdownHook] com.zaxxer.hikari.HikariDataSource       : HikariPool-1 - Shutdown completed.
